time="2022-11-15T15:14:30+03:00" level=info msg="create router" func="main.main()" file="app.go:15"
time="2022-11-15T15:14:30+03:00" level=info msg="register user handler" func="main.main()" file="app.go:18"
time="2022-11-15T15:14:30+03:00" level=info msg="start application" func="main.startServer()" file="app.go:28"
time="2022-11-15T15:14:30+03:00" level=info msg="server is listening port 8080" func="main.startServer()" file="app.go:40"
time="2022-11-15T15:37:59+03:00" level=info msg="create router" func="main.main()" file="app.go:15"
time="2022-11-15T15:37:59+03:00" level=info msg="register user handler" func="main.main()" file="app.go:18"
time="2022-11-15T15:37:59+03:00" level=info msg="start application" func="main.startServer()" file="app.go:28"
time="2022-11-15T15:37:59+03:00" level=info msg="server is listening port 8080" func="main.startServer()" file="app.go:40"
time="2022-11-15T16:17:18+03:00" level=info msg="create router" func="main.main()" file="app.go:15"
time="2022-11-15T16:17:18+03:00" level=info msg="register user handler" func="main.main()" file="app.go:18"
time="2022-11-15T16:17:18+03:00" level=info msg="start application" func="main.startServer()" file="app.go:28"
time="2022-11-15T16:17:18+03:00" level=info msg="server is listening port 8080" func="main.startServer()" file="app.go:40"
time="2022-11-15T16:32:02+03:00" level=info msg="create router" func="main.main()" file="app.go:23"
time="2022-11-15T16:32:02+03:00" level=info msg="register user handler" func="main.main()" file="app.go:26"
time="2022-11-15T16:32:02+03:00" level=info msg="read applicatiob configuration" func="internship_bachend_2022/internal/config.GetConfig.func1()" file="config.go:24"
time="2022-11-15T16:32:02+03:00" level=info msg="start application" func="main.startServer()" file="app.go:38"
time="2022-11-15T16:32:02+03:00" level=info msg="server is listening 0.0.0.0:8080" func="main.startServer()" file="app.go:75"
time="2022-11-15T16:35:50+03:00" level=info msg="create router" func="main.main()" file="app.go:23"
time="2022-11-15T16:35:50+03:00" level=info msg="register user handler" func="main.main()" file="app.go:26"
time="2022-11-15T16:35:50+03:00" level=info msg="read applicatiob configuration" func="internship_bachend_2022/internal/config.GetConfig.func1()" file="config.go:24"
time="2022-11-15T16:35:50+03:00" level=info msg="start application" func="main.startServer()" file="app.go:38"
time="2022-11-15T16:35:50+03:00" level=info msg="create socket" func="main.startServer()" file="app.go:49"
time="2022-11-15T16:35:50+03:00" level=debug msg="socket path: /Users/egor/Documents/golang/internship_backend_2022/cmd/main/build/app.sock" func="main.startServer()" file="app.go:51"
time="2022-11-15T16:35:50+03:00" level=info msg="server in listening unix socket" func="main.startServer()" file="app.go:53"
time="2022-11-15T16:35:50+03:00" level=info msg="server is listening unix socket /Users/egor/Documents/golang/internship_backend_2022/cmd/main/build/app.sock" func="main.startServer()" file="app.go:55"
time="2022-11-15T16:38:08+03:00" level=info msg="create router" func="main.main()" file="app.go:23"
time="2022-11-15T16:38:08+03:00" level=info msg="register user handler" func="main.main()" file="app.go:26"
time="2022-11-15T16:38:08+03:00" level=info msg="read applicatiob configuration" func="internship_bachend_2022/internal/config.GetConfig.func1()" file="config.go:24"
time="2022-11-15T16:38:08+03:00" level=info msg="start application" func="main.startServer()" file="app.go:38"
time="2022-11-15T16:38:08+03:00" level=info msg="detect socket" func="main.startServer()" file="app.go:44"
time="2022-11-15T16:38:08+03:00" level=info msg="create socket" func="main.startServer()" file="app.go:50"
time="2022-11-15T16:38:08+03:00" level=debug msg="socket path: /Users/egor/Documents/golang/internship_backend_2022/cmd/main/build/application.sock" func="main.startServer()" file="app.go:52"
time="2022-11-15T16:38:08+03:00" level=info msg="server in listening unix socket" func="main.startServer()" file="app.go:54"
time="2022-11-15T16:38:08+03:00" level=info msg="server is listening unix socket /Users/egor/Documents/golang/internship_backend_2022/cmd/main/build/application.sock" func="main.startServer()" file="app.go:56"
